C:\Documents and Settings\micro\Mes documents\µC\dubus\tp4\tp4-2.lst - generated by MGTEK Assembler ASM12 V1.26 Build 144 for WIN32 (x86) - Tue Oct 09 22:07:50 2012

    1:          =00001000                   CODE    EQU     $1000
    2:          =00002000                   DATA    EQU     $2000
    3:          =00000260                   PTH     EQU     $0260
    4:          =00000262                   DDRH    EQU     $0262
    5:          =00000264                   PERH    EQU     $0264
    6:          =00000265                   PPSH    EQU     $0265
    7:          =00000001                   PORTB   EQU     $0001
    8:          =00000003                   DDRB    EQU     $0003
    9:                                      
   10:                                      
   11:          =00002000                           ORG     DATA
   12:                                      
   13:                                      
   14:          =00001000                           ORG     CODE
   15:                                      
   16:     1000 86 FF                  [01]         LDAA    #$FF
   17:     1002 C6 00                  [01]         LDAB    #$00
   18:                                      
   19:     1004 7A 0264                [03]         STAA    PERH
   20:     1007 7B 0265                [03]         STAB    PPSH
   21:     100A 7B 0262                [03]         STAB    DDRH
   22:                                      
   23:     100D 5A 03                  [02]         STAA    DDRB
   24:                                              
   25:                                      
   26:     100F B6 0260                [03]         LDAA    PTH
   27:     1012 5A 01                  [02]         STAA    PORTB
   28:                                      
   29:                                      
   30:     1014 3F                     [09]         SWI

Symbols:
code                            *00001000
data                            *00002000
ddrb                            *00000003
ddrh                            *00000262
perh                            *00000264
portb                           *00000001
ppsh                            *00000265
pth                             *00000260

