C:\Documents and Settings\micro\Mes documents\µC\dubus\tp4\tp4-1.lst - generated by MGTEK Assembler ASM12 V1.26 Build 144 for WIN32 (x86) - Tue Oct 09 22:07:29 2012

    1:          =00001000                   CODE    EQU     $1000
    2:          =00002000                   DATA    EQU     $2000
    3:          =00000260                   PTH     EQU     $0260
    4:          =00000262                   DDRH    EQU     $0262
    5:          =00000264                   PERH    EQU     $0264
    6:          =00000265                   PPSH    EQU     $0265
    7:                                      
    8:                                      
    9:          =00002000                           ORG     DATA
   10:     2000 +0001                       VAR     DS.B    1
   11:                                      
   12:          =00001000                           ORG     CODE
   13:                                      
   14:     1000 86 FF                  [01]         LDAA    #$FF
   15:     1002 C6 00                  [01]         LDAB    #$00
   16:                                      
   17:     1004 7A 0264                [03]         STAA    PERH
   18:     1007 7B 0265                [03]         STAB    PPSH
   19:     100A 7B 0262                [03]         STAB    DDRH
   20:                                              
   21:                                      
   22:     100D B6 0260                [03]         LDAA    PTH
   23:     1010 7A 2000                [03]         STAA    VAR
   24:                                      
   25:                                      
   26:     1013 3F                     [09]         SWI

Symbols:
code                            *00001000
data                            *00002000
ddrh                            *00000262
perh                            *00000264
ppsh                            *00000265
pth                             *00000260
var                             *00002000

