C:\Documents and Settings\micro\Mes documents\µC\dubus\tp4\tp4-4.lst - generated by MGTEK Assembler ASM12 V1.26 Build 144 for WIN32 (x86) - Wed Oct 10 01:26:17 2012

    1:          =00001000                   CODE    EQU     $1000
    2:          =00002000                   DATA    EQU     $2000
    3:          =00000001                   PORTB   EQU     $0001
    4:          =00000003                   DDRB    EQU     $0003
    5:                                      
    6:          =00002000                           ORG     DATA
    7:     2000 +0004                       COMPT32 DS.B    4
    8:                                      
    9:          =00001000                           ORG     CODE
   10:     1000 CE 2000                [02] INIT    LDX     #COMPT32
   11:     1003 CC 0000                [02]         LDD     #$0000
   12:     1006 6C 00                  [02]         STD     0,X
   13:     1008 6C 02                  [02]         STD     2,X
   14:     100A 86 FF                  [01]         LDAA    #$FF
   15:     100C 5A 03                  [02]         STAA    DDRB
   16:     100E 5A 01                  [02]         STAA    PORTB
   17:                                      
   18:                                      
   19:     1010 1410                   [01]         SEI
   20:     1012 CC 101D                [02]         LDD     #IT
   21:     1015 7C 3E72                [03]         STD     $3E72   ;Interruption sur IRQ
   22:     1018 10EF                   [01]         CLI
   23:                                      
   24:                                              
   25:     101A 26 FE                  [03] BOUCLE  BNE     BOUCLE
   26:                                      
   27:     101C 3F                     [09]         SWI
   28:                                      
   29:     101D 07 06                  [04] IT      BSR     INCR32
   30:     101F E6 03                  [03]         LDAB    3,X
   31:     1021 51                     [01]         COMB
   32:     1022 5B 01                  [02]         STAB    PORTB
   33:     1024 0B                     [08]         RTI
   34:                                      
   35:                                      *-- Incrémentation compteur 32 bits ----------
   36:     1025 62 03                  [03] INCR32  INC     3,X
   37:     1027 24 0A                  [03]         BCC     FIN
   38:     1029 62 02                  [03]         INC     2,X
   39:     102B 24 06                  [03]         BCC     FIN
   40:     102D 62 01                  [03]         INC     1,X
   41:     102F 24 02                  [03]         BCC     FIN
   42:     1031 62 00                  [03]         INC     0,X
   43:     1033 3D                     [05] FIN     RTS
   44:                                      *---------------------------------------------

Symbols:
boucle                          *0000101a
code                            *00001000
compt32                         *00002000
data                            *00002000
ddrb                            *00000003
fin                             *00001033
incr32                          *00001025
it                              *0000101d
portb                           *00000001

