C:\Documents and Settings\micro\Mes documents\µC\dubus\tp4\tp4-3.lst - generated by MGTEK Assembler ASM12 V1.26 Build 144 for WIN32 (x86) - Tue Oct 09 22:47:37 2012

    1:          =00001000                   CODE    EQU     $1000
    2:          =00002000                   DATA    EQU     $2000
    3:          =00000260                   PTH     EQU     $0260
    4:          =00000262                   DDRH    EQU     $0262
    5:          =00000264                   PERH    EQU     $0264
    6:          =00000265                   PPSH    EQU     $0265
    7:          =00000267                   PIFH    EQU     $0267
    8:          =00000001                   PORTB   EQU     $0001
    9:          =00000003                   DDRB    EQU     $0003
   10:                                      
   11:          =00002000                           ORG     DATA
   12:     2000 +0001                       VAR     DS.B    1
   13:                                      
   14:          =00001000                           ORG     CODE
   15:                                      
   16:     1000 86 FF                  [01]         LDAA    #$FF
   17:     1002 C6 00                  [01]         LDAB    #$00
   18:                                      
   19:     1004 7B 2000                [03]         STAB    VAR
   20:                                      
   21:     1007 7A 0264                [03]         STAA    PERH
   22:     100A 7A 0267                [03]         STAA    PIFH
   23:     100D 7B 0265                [03]         STAB    PPSH
   24:     1010 7B 0262                [03]         STAB    DDRH
   25:                                      
   26:     1013 5A 03                  [02]         STAA    DDRB
   27:                                      
   28:     1015 B6 0267                [03] BOUCLE  LDAA    PIFH
   29:     1018 81 01                  [01]         CMPA    #$01
   30:     101A 27 03                  [03]         BEQ     INCR
   31:     101C 20 F7                  [03]         BRA     BOUCLE
   32:     101E 3F                     [09]         SWI
   33:                                      
   34:     101F 72 2000                [04] INCR    INC     VAR
   35:     1022 7A 0267                [03]         STAA    PIFH
   36:     1025 F6 2000                [03]         LDAB    VAR
   37:     1028 51                     [01]         COMB
   38:     1029 5B 01                  [02]         STAB    PORTB

Symbols:
boucle                          *00001015
code                            *00001000
data                            *00002000
ddrb                            *00000003
ddrh                            *00000262
incr                            *0000101f
perh                            *00000264
pifh                            *00000267
portb                           *00000001
ppsh                            *00000265
var                             *00002000

