C:\Documents and Settings\dubusleo_ujf\Mes documents\µC\tp3-2.lst - generated by MGTEK Assembler ASM12 V1.26 Build 144 for WIN32 (x86) - Thu Apr 09 10:19:38 2015

    1:          =00001000              CODE    EQU     $1000
    2:          =00002000              DATA    EQU     $2000
    3:          =0000EE84              GETCHAR EQU     $EE84
    4:          =0000EE86              PUTCHAR EQU     $EE86
    5:          =000000CC              SCI0SR1 EQU     $CC
    6:          =000000CF              SCI0DRL EQU     $CF
    7:                                 
    8:          =00002000                      ORG     DATA
    9:     2000 +0001                  VAR     DS.B    1
   10:                                 
   11:          =00001000                      ORG     CODE
   12:     1000 CE 2000                        LDX     #VAR
   13:     1003 07 01                          BSR     SCRUT
   14:     1005 3F                             SWI
   15:                                 
   16:     1006 C7                     SCRUT   CLRB
   17:     1007 15 FB 0015                     JSR     [AUVOL,PCR]
   18:     100B C1 2B                          CMPB    #'+'
   19:     100D 27 09                          BEQ     INCREM
   20:     100F C1 2D                          CMPB    #'-'
   21:     1011 27 09                          BEQ     DECREM
   22:     1013 C1 1B                          CMPB    #$1B
   23:     1015 26 EF                          BNE     SCRUT
   24:     1017 3D                             RTS
   25:                                         
   26:     1018 62 00                  INCREM  INC     0,X
   27:     101A 20 EA                          BRA     SCRUT
   28:                                 
   29:     101C 63 00                  DECREM  DEC     0,X
   30:     101E 20 E6                          BRA     SCRUT
   31:                                         
   32:     1020 15 FB DE62             AUVOL   JSR     [PUTCHAR,PCR]
   33:     1024 4F CC 20 04                    BRCLR   SCI0SR1,#$20,VIDE
   34:     1028 D6 CF                          LDAB    SCI0DRL
   35:     102A 20 01                          BRA     FIN
   36:                                 
   37:     102C C7                     VIDE    CLRB
   38:                                 
   39:     102D 3D                     FIN     RTS

Symbols:
auvol                           *00001020
code                            *00001000
data                            *00002000
decrem                          *0000101c
fin                             *0000102d
increm                          *00001018
putchar                         *0000ee86
sci0drl                         *000000cf
sci0sr1                         *000000cc
scrut                           *00001006
var                             *00002000
vide                            *0000102c

