C:\Documents and Settings\dubusleo_ujf\Mes documents\µC\tp3-1.lst - generated by MGTEK Assembler ASM12 V1.26 Build 144 for WIN32 (x86) - Thu Apr 09 09:20:14 2015

    1:          =00001000              CODE    EQU     $1000
    2:          =00002000              DATA    EQU     $2000
    3:          =0000EE86              PUTCHAR EQU     $EE86
    4:                                 
    5:          =00002000                      ORG     DATA
    6:     2000 54 68 65 20 47 61      CHAINE  DC.B    "The Game",10,0
           2006 6D 65 0A 00 
    7:                                 
    8:          =00001000                      ORG     CODE
    9:     1000 CD 2000                        LDY     #CHAINE
   10:     1003 07 01                          BSR     AFFICH
   11:     1005 3F                             SWI
   12:                                 
   13:                                 
   14:     1006 E6 70                  AFFICH  LDAB    1,Y+
   15:     1008 35                             PSHY
   16:     1009 16 1014                        JSR     TEMPO
   17:     100C 15 FB DE76                     JSR     [PUTCHAR,PCR]
   18:     1010 31                             PULY
   19:     1011 26 F3                          BNE     AFFICH
   20:     1013 3D                             RTS
   21:                                 
   22:                                 *-- TEMPORISATION -----------------------------------
   23:     1014 86 FA                  TEMPO   LDAA    #$FA    ;On commence la tempo
   24:     1016 CE 0FFF                REC2    LDX     #$0FFF  ;Tempo à 50 000
   25:     1019 09                     REC1    DEX
   26:     101A 26 FD                          BNE     REC1
   27:     101C 43                             DECA
   28:     101D 26 F7                          BNE     REC2
   29:     101F A7                             NOP             ;Tempo fini
   30:     1020 3D                             RTS
   31:                                 *----------------------------------------------------

Symbols:
affich                          *00001006
chaine                          *00002000
code                            *00001000
data                            *00002000
putchar                         *0000ee86
rec1                            *00001019
rec2                            *00001016
tempo                           *00001014

