C:\Documents and Settings\dubusleo_ujf\Mes documents\µC\tp3-3.lst - generated by MGTEK Assembler ASM12 V1.26 Build 144 for WIN32 (x86) - Thu Apr 09 11:33:51 2015

    1:          =00001000              CODE    EQU     $1000
    2:          =00002000              DATA    EQU     $2000
    3:          =00003000              VALEUR  EQU     $3000
    4:          =0000EE88              PRINTF  EQU     $EE88
    5:                                 
    6:          =00002000                      ORG     DATA
    7:     2000 56 61 6C 65 75 72      VAR     DC.B    'Valeur : %d',10,0
           2006 20 3A 20 25 64 0A 
           200C 00 
    8:                                 
    9:          =00001000                      ORG     CODE
   10:                                 ;       LDAA    #$05
   11:                                 ;       STAA    VALEUR
   12:     1000 87                             CLRA
   13:     1001 F6 3000                        LDAB    VALEUR
   14:     1004 3B                             PSHD
   15:     1005 CC 2000                        LDD     #VAR
   16:     1008 15 FB DE7C                     JSR     [PRINTF,PCR]
   17:     100C 3A                             PULD
   18:     100D 3F                             SWI

Symbols:
code                            *00001000
data                            *00002000
printf                          *0000ee88
valeur                          *00003000
var                             *00002000

