C:\Documents and Settings\dubusleo_ujf\Mes documents\µC\tp3-4.lst - generated by MGTEK Assembler ASM12 V1.26 Build 144 for WIN32 (x86) - Thu Apr 09 12:16:01 2015

    1:          =00001000              CODE    EQU     $1000
    2:          =00002000              DATA    EQU     $2000
    3:          =00003000              VALEUR  EQU     $3000
    4:          =0000EE88              PRINTF  EQU     $EE88
    5:          =0000EE84              GETCHAR EQU     $EE84
    6:          =0000EE86              PUTCHAR EQU     $EE86
    7:                                 
    8:          =00002000                      ORG     DATA
    9:     2000 56 61 6C 65 75 72      AFF     DC.B    'Valeur : %d',10,0
           2006 20 3A 20 25 64 0A 
           200C 00 
   10:     200D 2015 201C 2022         TABL    DC.W    PHRASE1,PHRASE2,PHRASE3,DEFAULT
           2013 2028 
   11:     2015 53 61 6C 75 74 0A      PHRASE1 DC.B    'Salut',10,0
           201B 00 
   12:     201C 63 65 73 74 0A 00      PHRASE2 DC.B    'cest',10,0
   13:     2022 63 6F 6F 6C 0A 00      PHRASE3 DC.B    'cool',10,0
   14:     2028 4E 4F 4E 0A 00         DEFAULT DC.B    'NON',10,0
   15:                                 
   16:                                 
   17:          =00001000                      ORG     CODE
   18:     1000 CE 200D                        LDX     #TABL
   19:     1003 87                             CLRA
   20:     1004 34                             PSHX
   21:     1005 15 FB DE7B                     JSR     [GETCHAR,PCR]
   22:     1009 C0 2F                          SUBB    #$2F
   23:     100B 30                             PULX
   24:     100C 58                             ASLB
   25:     100D 1AE5                           ABX     
   26:                                         
   27:     100F E6 00                          LDAB    0,X
   28:                                 
   29:     1011 34                             PSHX
   30:     1012 15 FB DE70             AFFICH  JSR     [PUTCHAR,PCR]
   31:     1016 30                             PULX
   32:     1017 26 F9                          BNE     AFFICH
   33:                                 
   34:     1019 3F                             SWI

Symbols:
affich                          *00001012
code                            *00001000
data                            *00002000
default                         *00002028
getchar                         *0000ee84
phrase1                         *00002015
phrase2                         *0000201c
phrase3                         *00002022
putchar                         *0000ee86
tabl                            *0000200d

