C:\Documents and Settings\dubusleo_UJF\Mes documents\µC\tp2-3.lst - generated by MGTEK Assembler ASM12 V1.26 Build 144 for WIN32 (x86) - Mon Mar 23 14:30:43 2015

    1:          =00001000              CODE    EQU     $1000
    2:          =00002000              DATA    EQU     $2000
    3:          =00000003              DDRB    EQU     $0003
    4:          =00000001              PORTB   EQU     $0001
    5:          =00000002              DDRA    EQU     $0002
    6:          =00000000              PORTA   EQU     $0000
    7:          =000000FF              SORTIE  EQU     $FF
    8:          =00000000              ENTREE  EQU     $00
    9:                                 
   10:          =00002000                      ORG     DATA
   11:                                 
   12:                                 
   13:          =00001000                      ORG     CODE
   14:                                         
   15:     1000 86 FF                          LDAA    #SORTIE
   16:     1002 5A 03                          STAA    DDRB
   17:                                 
   18:     1004 86 00                          LDAA    #ENTREE
   19:     1006 5A 02                          STAA    DDRA
   20:                                 
   21:     1008 C6 FF                          LDAB    #$FF
   22:                                 
   23:     100A 96 00                  BOUCLE  LDAA    PORTA
   24:     100C 5A 01                          STAA    PORTB
   25:     100E C1 00                          CMPB    #$00
   26:     1010 26 F8                          BNE     BOUCLE
   27:                                 
   28:                                 
   29:     1012 3F                             SWI

Symbols:
boucle                          *0000100a
code                            *00001000
data                            *00002000
ddra                            *00000002
ddrb                            *00000003
entree                          *00000000
porta                           *00000000
portb                           *00000001
sortie                          *000000ff

