C:\Documents and Settings\dubusleo_UJF\Mes documents\µC\tp2-4bis.lst - generated by MGTEK Assembler ASM12 V1.26 Build 144 for WIN32 (x86) - Mon Mar 23 16:50:52 2015

    1:          =00001000              CODE    EQU     $1000
    2:          =00002000              DATA    EQU     $2000
    3:          =00000003              DDRB    EQU     $0003
    4:          =00000001              PORTB   EQU     $0001
    5:          =00000002              DDRA    EQU     $0002
    6:          =00000000              PORTA   EQU     $0000
    7:          =000000FF              SORTIE  EQU     $FF
    8:          =00000000              ENTREE  EQU     $00
    9:                                 
   10:          =00002000                      ORG     DATA
   11:     2000 FE FD FB F7 EF DF      TABL    DC.B    $FE,$FD,$FB,$F7,$EF,$DF,$BF,$7F,0       ;Pattern correspondant 
           2006 BF 7F 00 
   12:                                 
   13:          =00001000                      ORG     CODE
   14:                                         
   15:     1000 86 FF                          LDAA    #SORTIE
   16:     1002 5A 03                          STAA    DDRB
   17:     1004 CD 2000                B1      LDY     #TABL
   18:                                 
   19:     1007 A6 70                  B2      LDAA    1,Y+
   20:     1009 5A 01                          STAA    PORTB
   21:                                         
   22:                                 
   23:     100B C6 FA                          LDAB    #$FA    ;On commence la tempo
   24:     100D CE 0AE7                REC2    LDX     #$0AE7
   25:     1010 09                     REC1    DEX
   26:     1011 26 FD                          BNE     REC1
   27:     1013 53                             DECB
   28:     1014 26 F7                          BNE     REC2
   29:     1016 A7                             NOP             ;Tempo fini
   30:                                 
   31:     1017 8D 2008                        CPY     #TABL+8
   32:     101A 26 EB                          BNE     B2
   33:     101C 20 E6                          BRA     B1
   34:                                         
   35:                                 
   36:     101E 3F                             SWI

Symbols:
b1                              *00001004
b2                              *00001007
code                            *00001000
data                            *00002000
ddrb                            *00000003
portb                           *00000001
rec1                            *00001010
rec2                            *0000100d
sortie                          *000000ff
tabl                            *00002000

