C:\Documents and Settings\dubusleo_UJF\Mes documents\µC\tp2-4.lst - generated by MGTEK Assembler ASM12 V1.26 Build 144 for WIN32 (x86) - Mon Mar 23 17:07:26 2015

    1:          =00001000              CODE    EQU     $1000
    2:          =00002000              DATA    EQU     $2000
    3:          =00000003              DDRB    EQU     $0003
    4:          =00000001              PORTB   EQU     $0001
    5:          =00000002              DDRA    EQU     $0002
    6:          =00000000              PORTA   EQU     $0000
    7:          =000000FF              SORTIE  EQU     $FF
    8:          =00000000              ENTREE  EQU     $00
    9:                                 
   10:          =00002000                      ORG     DATA
   11:     2000 7F                     DEPART  DC.B    $7F
   12:                                 
   13:          =00001000                      ORG     CODE
   14:     1000 86 FF                          LDAA    #SORTIE
   15:     1002 5A 03                          STAA    DDRB
   16:     1004 B6 2000                        LDAA    DEPART
   17:     1007 1401                           SEC
   18:                                 
   19:     1009 5A 01                  BOUCLE  STAA    PORTB
   20:     100B 46                             RORA
   21:                                 
   22:                                 
   23:     100C 07 03                          BSR     TEMPO
   24:                                 
   25:     100E 20 F9                          BRA     BOUCLE
   26:                                 
   27:     1010 3F                             SWI
   28:                                 
   29:                                 
   30:                                 *-- TEMPORISATION -----------------------------------
   31:     1011 C6 FA                  TEMPO   LDAB    #$FA    ;On commence la tempo
   32:     1013 CD 0FFF                REC2    LDY     #$0FFF  ;Tempo à 50 000
   33:     1016 03                     REC1    DEY
   34:     1017 26 FD                          BNE     REC1
   35:     1019 53                             DECB
   36:     101A 26 F7                          BNE     REC2
   37:     101C A7                             NOP             ;Tempo fini
   38:     101D 3D                             RTS
   39:                                 *----------------------------------------------------

Symbols:
boucle                          *00001009
code                            *00001000
data                            *00002000
ddrb                            *00000003
depart                          *00002000
portb                           *00000001
rec1                            *00001016
rec2                            *00001013
sortie                          *000000ff
tempo                           *00001011

