C:\Documents and Settings\dubusleo_UJF\Mes documents\µC\tp2-6.lst - generated by MGTEK Assembler ASM12 V1.26 Build 144 for WIN32 (x86) - Mon Mar 23 17:17:03 2015

    1:          =00001000              CODE    EQU     $1000
    2:          =00002000              DATA    EQU     $2000
    3:          =00000003              DDRB    EQU     $0003
    4:          =00000001              PORTB   EQU     $0001
    5:          =00000002              DDRA    EQU     $0002
    6:          =00000000              PORTA   EQU     $0000
    7:          =000000FF              SORTIE  EQU     $FF
    8:          =00000000              ENTREE  EQU     $00
    9:                                 
   10:          =00002000                      ORG     DATA
   11:     2000 E7 DB BD 7E BD DB      K2000   DC.B    $E7,$DB,$BD,$7E,$BD,$DB
   12:                                 
   13:          =00001000                      ORG     CODE
   14:     1000 86 FF                          LDAA    #SORTIE ;On initialise le port B en sortie
   15:     1002 5A 03                          STAA    DDRB
   16:                                 
   17:     1004 CE 2000                BOUCLE  LDX     #K2000
   18:                                         
   19:     1007 A6 30                  B1      LDAA    1,X+
   20:     1009 5A 01                          STAA    PORTB
   21:                                 
   22:                                 *-- TEMPORISATION -----------------------------------
   23:     100B C6 FA                          LDAB    #$FA    ;On commence la tempo
   24:     100D CD 0FFF                REC2    LDY     #$0FFF  ;Tempo à 
   25:     1010 03                     REC1    DEY
   26:     1011 26 FD                          BNE     REC1
   27:     1013 53                             DECB
   28:     1014 26 F7                          BNE     REC2
   29:     1016 A7                             NOP             ;Tempo fini
   30:                                 *----------------------------------------------------
   31:                                 
   32:     1017 8E 2006                        CPX     #K2000+6
   33:     101A 26 EB                          BNE     B1
   34:                                 
   35:     101C 20 E6                          BRA     BOUCLE

Symbols:
b1                              *00001007
boucle                          *00001004
code                            *00001000
data                            *00002000
ddrb                            *00000003
k2000                           *00002000
portb                           *00000001
rec1                            *00001010
rec2                            *0000100d
sortie                          *000000ff

